#
# There is insufficient memory for the Java Runtime Environment to continue.
# Native memory allocation (malloc) failed to allocate 1159328 bytes for Chunk::new
# Possible reasons:
#   The system is out of physical RAM or swap space
#   The process is running with CompressedOops enabled, and the Java Heap may be blocking the growth of the native heap
# Possible solutions:
#   Reduce memory load on the system
#   Increase physical memory or swap space
#   Check if swap backing store is full
#   Decrease Java heap size (-Xmx/-Xms)
#   Decrease number of Java threads
#   Decrease Java thread stack sizes (-Xss)
#   Set larger code cache with -XX:ReservedCodeCacheSize=
#   JVM is running with Unscaled Compressed Oops mode in which the Java heap is
#     placed in the first 4GB address space. The Java Heap base address is the
#     maximum limit for the native heap growth. Please use -XX:HeapBaseMinAddress
#     to set the Java Heap base and to place the Java Heap above 4GB virtual address.
# This output file may be truncated or incomplete.
#
#  Out of Memory Error (allocation.cpp:389), pid=6660, tid=0x0000000000004100
#
# JRE version: OpenJDK Runtime Environment (8.0_242-b01) (build 1.8.0_242-release-1644-b01)
# Java VM: OpenJDK 64-Bit Server VM (25.242-b01 mixed mode windows-amd64 compressed oops)
# Failed to write core dump. Minidumps are not enabled by default on client versions of Windows
#

---------------  T H R E A D  ---------------

Current thread (0x0000000017c4d800):  JavaThread "C2 CompilerThread2" daemon [_thread_in_native, id=16640, stack(0x000000001a550000,0x000000001a650000)]

Stack: [0x000000001a550000,0x000000001a650000]
[error occurred during error reporting (printing stack bounds), id 0xc0000005]

Native frames: (J=compiled Java code, j=interpreted, Vv=VM code, C=native code)


Current CompileTask:
C2:6960251 36574 %     4       com.android.ide.common.resources.DataSet::appendToXml @ 115 (390 bytes)


---------------  P R O C E S S  ---------------

Java Threads: ( => current thread )
  0x000000001bd12000 JavaThread "stdout" [_thread_in_native, id=10020, stack(0x000000003f2d0000,0x000000003f3d0000)]
  0x000000001bd10000 JavaThread "stderr" [_thread_in_native, id=27540, stack(0x000000003f1d0000,0x000000003f2d0000)]
  0x000000001bd0e800 JavaThread "stdout" [_thread_in_native, id=8036, stack(0x000000003f0d0000,0x000000003f1d0000)]
  0x000000001bd11800 JavaThread "stderr" [_thread_in_native, id=22656, stack(0x000000003efd0000,0x000000003f0d0000)]
  0x000000001bd10800 JavaThread "WorkerExecutor Queue Thread 8" [_thread_blocked, id=10576, stack(0x000000003eed0000,0x000000003efd0000)]
  0x000000001bd14800 JavaThread "stdout" [_thread_in_native, id=26400, stack(0x000000003edd0000,0x000000003eed0000)]
  0x000000001c761000 JavaThread "stderr" [_thread_in_native, id=8832, stack(0x000000003ecd0000,0x000000003edd0000)]
  0x000000001c75e000 JavaThread "WorkerExecutor Queue Thread 7" [_thread_blocked, id=27340, stack(0x000000003ebd0000,0x000000003ecd0000)]
  0x000000001c764000 JavaThread "stdout" [_thread_in_native, id=21668, stack(0x000000003ead0000,0x000000003ebd0000)]
  0x000000001c763800 JavaThread "stderr" [_thread_in_native, id=11764, stack(0x000000003e9d0000,0x000000003ead0000)]
  0x000000001c762800 JavaThread "WorkerExecutor Queue Thread 6" [_thread_blocked, id=18920, stack(0x000000003d690000,0x000000003d790000)]
  0x000000001c760800 JavaThread "stdout" [_thread_in_native, id=10304, stack(0x000000003d590000,0x000000003d690000)]
  0x000000001c75f000 JavaThread "stderr" [_thread_in_native, id=15568, stack(0x000000003d490000,0x000000003d590000)]
  0x000000001c765000 JavaThread "WorkerExecutor Queue Thread 5" [_thread_blocked, id=10896, stack(0x000000003d390000,0x000000003d490000)]
  0x000000003533c800 JavaThread "WorkerExecutor Queue Thread 4" [_thread_blocked, id=21348, stack(0x000000003d090000,0x000000003d190000)]
  0x0000000035334000 JavaThread "WorkerExecutor Queue Thread 3" [_thread_blocked, id=8172, stack(0x0000000031da0000,0x0000000031ea0000)]
  0x000000003533b000 JavaThread "pool-82-thread-1" [_thread_blocked, id=22380, stack(0x0000000031ca0000,0x0000000031da0000)]
  0x000000003533a000 JavaThread "WorkerExecutor Queue Thread 2" [_thread_blocked, id=24084, stack(0x0000000031ba0000,0x0000000031ca0000)]
  0x0000000035338800 JavaThread "WorkerExecutor Queue" [_thread_blocked, id=20192, stack(0x0000000031aa0000,0x0000000031ba0000)]
  0x0000000035335800 JavaThread "Cache worker for execution history cache (C:\Users\carlo\AndroidStudioProjects\Maps\.gradle\6.5\executionHistory)" [_thread_blocked, id=22268, stack(0x00000000319a0000,0x0000000031aa0000)]
  0x00000000244ce000 JavaThread "Execution worker for ':' Thread 7" [_thread_blocked, id=17072, stack(0x00000000318a0000,0x00000000319a0000)]
  0x00000000244cc000 JavaThread "Execution worker for ':' Thread 6" [_thread_blocked, id=8312, stack(0x00000000317a0000,0x00000000318a0000)]
  0x00000000244cb000 JavaThread "Execution worker for ':' Thread 5" [_thread_blocked, id=27972, stack(0x00000000316a0000,0x00000000317a0000)]
  0x00000000244cf000 JavaThread "Execution worker for ':' Thread 4" [_thread_blocked, id=5728, stack(0x00000000315a0000,0x00000000316a0000)]
  0x00000000244d1000 JavaThread "Execution worker for ':' Thread 3" [_thread_blocked, id=11164, stack(0x00000000314a0000,0x00000000315a0000)]
  0x00000000244cf800 JavaThread "Execution worker for ':' Thread 2" [_thread_blocked, id=26544, stack(0x00000000313a0000,0x00000000314a0000)]
  0x00000000244cd800 JavaThread "Execution worker for ':'" [_thread_blocked, id=26696, stack(0x00000000312a0000,0x00000000313a0000)]
  0x00000000244c3800 JavaThread "Cache worker for file content cache (C:\Users\carlo\AndroidStudioProjects\Maps\.gradle\6.5\fileContent)" [_thread_blocked, id=14308, stack(0x00000000311a0000,0x00000000312a0000)]
  0x00000000244ca800 JavaThread "pool-81-thread-1" [_thread_blocked, id=13680, stack(0x0000000030ea0000,0x0000000030fa0000)]
  0x00000000244c2800 JavaThread "Cache worker for Build Output Cleanup Cache (C:\Users\carlo\AndroidStudioProjects\Maps\.gradle\buildOutputCleanup)" [_thread_blocked, id=18620, stack(0x00000000309a0000,0x0000000030aa0000)]
  0x00000000244c9800 JavaThread "Build operations Thread 8" [_thread_blocked, id=10760, stack(0x00000000218d0000,0x00000000219d0000)]
  0x00000000244c2000 JavaThread "Build operations Thread 7" [_thread_in_native, id=19016, stack(0x00000000217d0000,0x00000000218d0000)]
  0x00000000244c8800 JavaThread "Build operations Thread 6" [_thread_blocked, id=11480, stack(0x00000000216d0000,0x00000000217d0000)]
  0x00000000244c7000 JavaThread "Build operations Thread 5" [_thread_in_native, id=9880, stack(0x00000000215d0000,0x00000000216d0000)]
  0x00000000244c8000 JavaThread "Build operations Thread 4" [_thread_blocked, id=20676, stack(0x00000000214d0000,0x00000000215d0000)]
  0x00000000244c5000 JavaThread "Build operations Thread 3" [_thread_blocked, id=23640, stack(0x00000000213d0000,0x00000000214d0000)]
  0x000000001be8a800 JavaThread "Build operations Thread 2" [_thread_in_native, id=17280, stack(0x0000000020070000,0x0000000020170000)]
  0x000000001be89800 JavaThread "Build operations" [_thread_blocked, id=16564, stack(0x000000001ff70000,0x0000000020070000)]
  0x000000001be88800 JavaThread "Cache worker for cache directory md-rule (C:\Users\carlo\.gradle\caches\6.5\md-rule)" [_thread_blocked, id=7004, stack(0x000000001fe70000,0x000000001ff70000)]
  0x000000001be88000 JavaThread "Cache worker for cache directory md-supplier (C:\Users\carlo\.gradle\caches\6.5\md-supplier)" [_thread_blocked, id=22892, stack(0x000000001fd70000,0x000000001fe70000)]
  0x000000001be86800 JavaThread "Cache worker for checksums cache (C:\Users\carlo\AndroidStudioProjects\Maps\.gradle\checksums)" [_thread_blocked, id=25464, stack(0x000000001e5a0000,0x000000001e6a0000)]
  0x000000001be85800 JavaThread "Cache worker for file hash cache (C:\Users\carlo\AndroidStudioProjects\Maps\.gradle\6.5\fileHashes)" [_thread_blocked, id=22584, stack(0x000000001e4a0000,0x000000001e5a0000)]
  0x000000001be87000 JavaThread "Thread-3095" [_thread_blocked, id=18480, stack(0x000000001e3a0000,0x000000001e4a0000)]
  0x000000001be80800 JavaThread "Stdin handler" [_thread_blocked, id=15500, stack(0x000000001e2a0000,0x000000001e3a0000)]
  0x000000001be7d800 JavaThread "Asynchronous log dispatcher for DefaultDaemonConnection: socket connection from /127.0.0.1:1885 to /127.0.0.1:3462" [_thread_blocked, id=16684, stack(0x000000001d830000,0x000000001d930000)]
  0x000000001be7f000 JavaThread "Cancel handler" [_thread_blocked, id=3548, stack(0x0000000001020000,0x0000000001120000)]
  0x000000001be84000 JavaThread "Handler for socket connection from /127.0.0.1:1885 to /127.0.0.1:3462" [_thread_in_native, id=9004, stack(0x0000000000f20000,0x0000000001020000)]
  0x00000000244c6800 JavaThread "jar transforms Thread 1932" [_thread_blocked, id=2968, stack(0x00000000302a0000,0x00000000303a0000)]
  0x000000001f3ba000 JavaThread "jar transforms Thread 1931" [_thread_blocked, id=22160, stack(0x00000000301a0000,0x00000000302a0000)]
  0x000000001f3bb000 JavaThread "jar transforms Thread 1930" [_thread_blocked, id=19916, stack(0x00000000300a0000,0x00000000301a0000)]
  0x000000001f3b9800 JavaThread "jar transforms Thread 1929" [_thread_blocked, id=21284, stack(0x000000002ffa0000,0x00000000300a0000)]
  0x000000001f3b8800 JavaThread "jar transforms Thread 1928" [_thread_blocked, id=12328, stack(0x000000002fea0000,0x000000002ffa0000)]
  0x000000001f3b4000 JavaThread "jar transforms Thread 1927" [_thread_blocked, id=28240, stack(0x000000002fda0000,0x000000002fea0000)]
  0x000000001f3b8000 JavaThread "jar transforms Thread 1926" [_thread_blocked, id=28100, stack(0x000000002fca0000,0x000000002fda0000)]
  0x000000001f3b7000 JavaThread "jar transforms Thread 1925" [_thread_blocked, id=9536, stack(0x000000002efa0000,0x000000002f0a0000)]
  0x000000001f3b1800 JavaThread "jar transforms Thread 1924" [_thread_blocked, id=26200, stack(0x000000002d9d0000,0x000000002dad0000)]
  0x000000001f3b6800 JavaThread "jar transforms Thread 1923" [_thread_blocked, id=12260, stack(0x000000002b1a0000,0x000000002b2a0000)]
  0x000000001f3af800 JavaThread "jar transforms Thread 1922" [_thread_blocked, id=8952, stack(0x000000002abd0000,0x000000002acd0000)]
  0x000000001f3b3800 JavaThread "jar transforms Thread 1921" [_thread_blocked, id=13920, stack(0x000000002aad0000,0x000000002abd0000)]
  0x000000001f3ab800 JavaThread "jar transforms Thread 1920" [_thread_blocked, id=28084, stack(0x000000002a9d0000,0x000000002aad0000)]
  0x000000001f3b0000 JavaThread "jar transforms Thread 1919" [_thread_blocked, id=26672, stack(0x000000002a8d0000,0x000000002a9d0000)]
  0x000000001f3ae800 JavaThread "jar transforms Thread 1918" [_thread_blocked, id=18376, stack(0x000000002a7d0000,0x000000002a8d0000)]
  0x000000001f3b1000 JavaThread "jar transforms Thread 1917" [_thread_blocked, id=28092, stack(0x000000002a6d0000,0x000000002a7d0000)]
  0x000000001f3ac800 JavaThread "jar transforms Thread 1916" [_thread_blocked, id=24464, stack(0x000000002a5d0000,0x000000002a6d0000)]
  0x000000001f3ae000 JavaThread "jar transforms Thread 1915" [_thread_blocked, id=26656, stack(0x000000002a4d0000,0x000000002a5d0000)]
  0x000000001f3ad000 JavaThread "jar transforms Thread 1914" [_thread_blocked, id=19396, stack(0x000000002a3d0000,0x000000002a4d0000)]
  0x000000001f3b2800 JavaThread "jar transforms Thread 1913" [_thread_blocked, id=27204, stack(0x000000002a2d0000,0x000000002a3d0000)]
  0x0000000019dd2000 JavaThread "jar transforms Thread 1912" [_thread_blocked, id=5708, stack(0x000000002a1d0000,0x000000002a2d0000)]
  0x0000000019dd8000 JavaThread "jar transforms Thread 1911" [_thread_blocked, id=16808, stack(0x000000002a0d0000,0x000000002a1d0000)]
  0x0000000019dd4800 JavaThread "jar transforms Thread 1910" [_thread_blocked, id=19864, stack(0x0000000029fd0000,0x000000002a0d0000)]
  0x0000000019dd7800 JavaThread "jar transforms Thread 1909" [_thread_blocked, id=26180, stack(0x0000000029ed0000,0x0000000029fd0000)]
  0x0000000019dd9000 JavaThread "jar transforms Thread 1908" [_thread_blocked, id=10524, stack(0x0000000029dd0000,0x0000000029ed0000)]
  0x0000000019dd3800 JavaThread "jar transforms Thread 1907" [_thread_blocked, id=19620, stack(0x0000000029cd0000,0x0000000029dd0000)]
  0x0000000019dd6000 JavaThread "jar transforms Thread 1906" [_thread_blocked, id=25252, stack(0x0000000029bd0000,0x0000000029cd0000)]
  0x0000000019dd3000 JavaThread "jar transforms Thread 1905" [_thread_blocked, id=9720, stack(0x0000000029ad0000,0x0000000029bd0000)]
  0x0000000019dd6800 JavaThread "jar transforms Thread 1904" [_thread_blocked, id=23592, stack(0x00000000299d0000,0x0000000029ad0000)]
  0x0000000019dca800 JavaThread "jar transforms Thread 1903" [_thread_blocked, id=17104, stack(0x00000000298d0000,0x00000000299d0000)]
  0x0000000019dd1800 JavaThread "jar transforms Thread 1902" [_thread_blocked, id=4004, stack(0x00000000297d0000,0x00000000298d0000)]
  0x0000000019dca000 JavaThread "jar transforms Thread 1901" [_thread_blocked, id=26736, stack(0x00000000296d0000,0x00000000297d0000)]
  0x0000000019dd0800 JavaThread "jar transforms Thread 1900" [_thread_blocked, id=23380, stack(0x00000000295d0000,0x00000000296d0000)]
  0x0000000019dd0000 JavaThread "jar transforms Thread 1899" [_thread_blocked, id=19424, stack(0x00000000294d0000,0x00000000295d0000)]
  0x0000000019dcf000 JavaThread "jar transforms Thread 1898" [_thread_blocked, id=2676, stack(0x00000000293d0000,0x00000000294d0000)]
  0x0000000019dce800 JavaThread "jar transforms Thread 1897" [_thread_blocked, id=15484, stack(0x00000000292d0000,0x00000000293d0000)]
  0x0000000019dcd800 JavaThread "jar transforms Thread 1896" [_thread_blocked, id=18016, stack(0x00000000291d0000,0x00000000292d0000)]
  0x0000000019dcb800 JavaThread "jar transforms Thread 1895" [_thread_blocked, id=16360, stack(0x00000000290d0000,0x00000000291d0000)]
  0x0000000019dcd000 JavaThread "jar transforms Thread 1894" [_thread_blocked, id=23296, stack(0x0000000028fd0000,0x00000000290d0000)]
  0x000000001c0cf800 JavaThread "jar transforms Thread 1893" [_thread_blocked, id=3144, stack(0x0000000028ed0000,0x0000000028fd0000)]
  0x000000001c0ce800 JavaThread "jar transforms Thread 1892" [_thread_blocked, id=20980, stack(0x0000000028dd0000,0x0000000028ed0000)]
  0x000000001c0cd000 JavaThread "jar transforms Thread 1891" [_thread_blocked, id=23496, stack(0x0000000028cd0000,0x0000000028dd0000)]
  0x000000001c0cc800 JavaThread "jar transforms Thread 1890" [_thread_blocked, id=6824, stack(0x0000000028bd0000,0x0000000028cd0000)]
  0x000000001c0ce000 JavaThread "jar transforms Thread 1889" [_thread_blocked, id=17676, stack(0x0000000028ad0000,0x0000000028bd0000)]
  0x000000001c0d0000 JavaThread "jar transforms Thread 1888" [_thread_blocked, id=3068, stack(0x00000000289d0000,0x0000000028ad0000)]
  0x000000001c0cb800 JavaThread "jar transforms Thread 1887" [_thread_blocked, id=18256, stack(0x00000000288d0000,0x00000000289d0000)]
  0x000000001c0c4000 JavaThread "jar transforms Thread 1886" [_thread_blocked, id=18488, stack(0x00000000287d0000,0x00000000288d0000)]
  0x000000001c0cb000 JavaThread "jar transforms Thread 1885" [_thread_blocked, id=18548, stack(0x00000000286d0000,0x00000000287d0000)]
  0x000000001c0c3000 JavaThread "jar transforms Thread 1884" [_thread_blocked, id=28072, stack(0x00000000285d0000,0x00000000286d0000)]
  0x000000001c0ca000 JavaThread "jar transforms Thread 1883" [_thread_blocked, id=25064, stack(0x00000000284d0000,0x00000000285d0000)]
  0x000000001c0c2800 JavaThread "jar transforms Thread 1882" [_thread_blocked, id=12640, stack(0x00000000283d0000,0x00000000284d0000)]
  0x000000001c0c9800 JavaThread "jar transforms Thread 1881" [_thread_blocked, id=24620, stack(0x00000000282d0000,0x00000000283d0000)]
  0x000000001c0c8800 JavaThread "jar transforms Thread 1880" [_thread_blocked, id=25472, stack(0x00000000281d0000,0x00000000282d0000)]
  0x000000001c0c1000 JavaThread "jar transforms Thread 1879" [_thread_blocked, id=6900, stack(0x00000000280d0000,0x00000000281d0000)]
  0x000000001c0c1800 JavaThread "jar transforms Thread 1878" [_thread_blocked, id=22356, stack(0x0000000027fd0000,0x00000000280d0000)]
  0x000000001c0c8000 JavaThread "jar transforms Thread 1877" [_thread_blocked, id=7712, stack(0x0000000027ed0000,0x0000000027fd0000)]
  0x000000001c0c7000 JavaThread "jar transforms Thread 1876" [_thread_blocked, id=7260, stack(0x0000000027dd0000,0x0000000027ed0000)]
  0x000000001c0c6800 JavaThread "jar transforms Thread 1875" [_thread_blocked, id=24020, stack(0x0000000027cd0000,0x0000000027dd0000)]
  0x000000001c0c5000 JavaThread "jar transforms Thread 1874" [_thread_blocked, id=21996, stack(0x0000000027bd0000,0x0000000027cd0000)]
  0x0000000023c4b800 JavaThread "jar transforms Thread 1873" [_thread_blocked, id=4732, stack(0x0000000027ad0000,0x0000000027bd0000)]
  0x0000000023c45800 JavaThread "jar transforms Thread 1872" [_thread_blocked, id=8820, stack(0x00000000279d0000,0x0000000027ad0000)]
  0x0000000023c44000 JavaThread "jar transforms Thread 1871" [_thread_blocked, id=16920, stack(0x00000000278d0000,0x00000000279d0000)]
  0x0000000023c4a800 JavaThread "jar transforms Thread 1870" [_thread_blocked, id=3752, stack(0x00000000277d0000,0x00000000278d0000)]
  0x0000000023c44800 JavaThread "jar transforms Thread 1869" [_thread_blocked, id=2972, stack(0x00000000276d0000,0x00000000277d0000)]
  0x0000000023c48800 JavaThread "jar transforms Thread 1868" [_thread_blocked, id=19760, stack(0x00000000275d0000,0x00000000276d0000)]
  0x0000000023c4a000 JavaThread "jar transforms Thread 1867" [_thread_blocked, id=23304, stack(0x00000000274d0000,0x00000000275d0000)]
  0x0000000023c46000 JavaThread "jar transforms Thread 1866" [_thread_blocked, id=26028, stack(0x00000000273d0000,0x00000000274d0000)]
  0x0000000023c47000 JavaThread "jar transforms Thread 1865" [_thread_blocked, id=23268, stack(0x00000000272d0000,0x00000000273d0000)]
  0x0000000023c49000 JavaThread "jar transforms Thread 1864" [_thread_blocked, id=10136, stack(0x00000000271d0000,0x00000000272d0000)]
  0x0000000023c3c000 JavaThread "jar transforms Thread 1863" [_thread_blocked, id=9056, stack(0x00000000270d0000,0x00000000271d0000)]
  0x0000000023c43000 JavaThread "jar transforms Thread 1862" [_thread_blocked, id=12200, stack(0x0000000026fd0000,0x00000000270d0000)]
  0x0000000023c41800 JavaThread "jar transforms Thread 1861" [_thread_blocked, id=24372, stack(0x0000000026ed0000,0x0000000026fd0000)]
  0x0000000023c40800 JavaThread "jar transforms Thread 1860" [_thread_blocked, id=11920, stack(0x0000000026dd0000,0x0000000026ed0000)]
  0x0000000023c42000 JavaThread "jar transforms Thread 1859" [_thread_blocked, id=25644, stack(0x0000000026cd0000,0x0000000026dd0000)]
  0x0000000023c40000 JavaThread "jar transforms Thread 1858" [_thread_blocked, id=11604, stack(0x0000000026bd0000,0x0000000026cd0000)]
  0x0000000023c3d800 JavaThread "jar transforms Thread 1857" [_thread_blocked, id=10420, stack(0x0000000026ad0000,0x0000000026bd0000)]
  0x0000000023c3f000 JavaThread "jar transforms Thread 1856" [_thread_blocked, id=23228, stack(0x00000000269d0000,0x0000000026ad0000)]
  0x0000000023c3e800 JavaThread "jar transforms Thread 1855" [_thread_blocked, id=26712, stack(0x00000000267a0000,0x00000000268a0000)]
  0x0000000023c3d000 JavaThread "jar transforms Thread 1854" [_thread_blocked, id=27248, stack(0x00000000266a0000,0x00000000267a0000)]
  0x000000002e622800 JavaThread "jar transforms Thread 1853" [_thread_blocked, id=22472, stack(0x0000000025120000,0x0000000025220000)]
  0x000000002e627000 JavaThread "jar transforms Thread 1852" [_thread_blocked, id=18264, stack(0x0000000024db0000,0x0000000024eb0000)]
  0x000000002e626000 JavaThread "jar transforms Thread 1851" [_thread_blocked, id=18136, stack(0x00000000236d0000,0x00000000237d0000)]
  0x000000002e629000 JavaThread "jar transforms Thread 1850" [_thread_blocked, id=9260, stack(0x0000000022bd0000,0x0000000022cd0000)]
  0x000000002e625800 JavaThread "jar transforms Thread 1849" [_thread_blocked, id=13052, stack(0x00000000228d0000,0x00000000229d0000)]
  0x000000002e623000 JavaThread "jar transforms Thread 1848" [_thread_blocked, id=14148, stack(0x00000000227d0000,0x00000000228d0000)]
  0x000000002e624800 JavaThread "jar transforms Thread 1847" [_thread_blocked, id=21276, stack(0x00000000226d0000,0x00000000227d0000)]
  0x000000002e621800 JavaThread "jar transforms Thread 1846" [_thread_blocked, id=19008, stack(0x00000000225d0000,0x00000000226d0000)]
  0x000000002e628800 JavaThread "jar transforms Thread 1845" [_thread_blocked, id=12848, stack(0x00000000224d0000,0x00000000225d0000)]
  0x000000002e627800 JavaThread "jar transforms Thread 1844" [_thread_blocked, id=5036, stack(0x00000000223d0000,0x00000000224d0000)]
  0x000000002e624000 JavaThread "jar transforms Thread 1843" [_thread_blocked, id=13628, stack(0x00000000222d0000,0x00000000223d0000)]
  0x000000002e61a000 JavaThread "jar transforms Thread 1842" [_thread_blocked, id=27472, stack(0x00000000220d0000,0x00000000221d0000)]
  0x000000002e61f800 JavaThread "jar transforms Thread 1841" [_thread_blocked, id=9540, stack(0x0000000021fd0000,0x00000000220d0000)]
  0x0000000035337000 JavaThread "Daemon worker Thread 19" [_thread_blocked, id=17064, stack(0x000000001d730000,0x000000001d830000)]
  0x0000000035336800 JavaThread "Daemon Thread 19" [_thread_blocked, id=13932, stack(0x0000000000e20000,0x0000000000f20000)]
  0x0000000035339800 JavaThread "Cache worker for Java compile cache (C:\Users\carlo\.gradle\caches\6.5\javaCompile)" [_thread_blocked, id=8060, stack(0x000000001dea0000,0x000000001dfa0000)]
  0x00000000244c4000 JavaThread "Memory manager" [_thread_blocked, id=1872, stack(0x000000002c4a0000,0x000000002c5a0000)]
  0x000000001be7f800 JavaThread "Cache worker for file content cache (C:\Users\carlo\.gradle\caches\6.5\fileContent)" [_thread_blocked, id=10168, stack(0x00000000235d0000,0x00000000236d0000)]
  0x000000001be7e000 JavaThread "Cache worker for execution history cache (C:\Users\carlo\.gradle\caches\6.5\executionHistory)" [_thread_blocked, id=13288, stack(0x00000000230d0000,0x00000000231d0000)]
  0x000000001c75f800 JavaThread "Cache worker for file hash cache (C:\Users\carlo\.gradle\caches\6.5\fileHashes)" [_thread_blocked, id=22600, stack(0x000000001eaa0000,0x000000001eba0000)]
  0x000000001c762000 JavaThread "File lock request listener" [_thread_in_native, id=8448, stack(0x000000001e9a0000,0x000000001eaa0000)]
  0x000000001b84f800 JavaThread "Cache worker for journal cache (C:\Users\carlo\.gradle\caches\journal-1)" [_thread_blocked, id=5772, stack(0x000000001e8a0000,0x000000001e9a0000)]
  0x000000001c560000 JavaThread "Daemon periodic checks" [_thread_blocked, id=11880, stack(0x000000001dba0000,0x000000001dca0000)]
  0x000000001c4b1800 JavaThread "Incoming local TCP Connector on port 1885" [_thread_in_native, id=15640, stack(0x000000001d930000,0x000000001da30000)]
  0x000000001c3e1000 JavaThread "Daemon health stats" [_thread_blocked, id=28436, stack(0x000000001d2f0000,0x000000001d3f0000)]
  0x0000000019ad9800 JavaThread "Service Thread" daemon [_thread_blocked, id=1756, stack(0x000000001a750000,0x000000001a850000)]
  0x0000000019a51800 JavaThread "C1 CompilerThread3" daemon [_thread_blocked, id=28012, stack(0x000000001a650000,0x000000001a750000)]
=>0x0000000017c4d800 JavaThread "C2 CompilerThread2" daemon [_thread_in_native, id=16640, stack(0x000000001a550000,0x000000001a650000)]
  0x0000000017c4c000 JavaThread "C2 CompilerThread1" daemon [_thread_blocked, id=6352, stack(0x000000001a450000,0x000000001a550000)]
  0x0000000019a42000 JavaThread "C2 CompilerThread0" daemon [_thread_blocked, id=19708, stack(0x000000001a350000,0x000000001a450000)]
  0x0000000019a41000 JavaThread "Attach Listener" daemon [_thread_blocked, id=24508, stack(0x000000001a250000,0x000000001a350000)]
  0x0000000019a40000 JavaThread "Signal Dispatcher" daemon [_thread_blocked, id=24432, stack(0x000000001a150000,0x000000001a250000)]
  0x0000000002b9c800 JavaThread "Finalizer" daemon [_thread_blocked, id=17732, stack(0x0000000019f10000,0x000000001a010000)]
  0x0000000019a30800 JavaThread "Reference Handler" daemon [_thread_blocked, id=22540, stack(0x0000000019e10000,0x0000000019f10000)]
  0x000000000293e000 JavaThread "main" [_thread_blocked, id=5136, stack(0x00000000029a0000,0x0000000002aa0000)]

Other Threads:
  0x0000000017c38800 VMThread [stack: 0x0000000019910000,0x0000000019a10000] [id=26184]
  0x0000000019ada800 WatcherThread [stack: 0x000000001a850000,0x000000001a950000] [id=22088]

VM state:not at safepoint (normal execution)

VM Mutex/Monitor currently owned by a thread: None

heap address: 0x0000000080000000, size: 2048 MB, Compressed Oops mode: 32-bit
Narrow klass base: 0x0000000000000000, Narrow klass shift: 3
Compressed class space size: 1073741824 Address: 0x0000000100000000

Heap:
 PSYoungGen      total 485888K, used 232243K [0x00000000d5580000, 0x00000000fbe00000, 0x0000000100000000)
  eden space 412160K, 53% used [0x00000000d5580000,0x00000000e2c75810,0x00000000ee800000)
  from space 73728K, 16% used [0x00000000ee800000,0x00000000ef3d7518,0x00000000f3000000)
  to   space 75264K, 0% used [0x00000000f7480000,0x00000000f7480000,0x00000000fbe00000)
 ParOldGen       total 320512K, used 263603K [0x0000000080000000, 0x0000000093900000, 0x00000000d5580000)
  object space 320512K, 82% used [0x0000000080000000,0x000000009016cf90,0x0000000093900000)
 Metaspace       used 124772K, capacity 134888K, committed 135000K, reserved 1167360K
  class space    used 15936K, capacity 17713K, committed 17792K, reserved 1048576K

Card table byte_map: [0x0000000011f60000,0x0000000012370000] byte_map_base: 0x0000000011b60000

Marking Bits: (ParMarkBitMap*) 0x000000005260f030
 Begin Bits: [0x0000000012e20000, 0x0000000014e20000)
 End Bits:   [0x0000000014e20000, 0x0000000016e20000)

Polling page: 0x00000000009f0000

CodeCache: size=245760Kb used=97381Kb max_used=99449Kb free=148378Kb
 bounds [0x0000000002ba0000, 0x0000000008d80000, 0x0000000011ba0000]
 total_blobs=27210 nmethods=26248 adapters=869
 compilation: enabled

Compilation events (10 events):
Event: 6959.871 Thread 0x0000000019a51800 nmethod 36579 0x0000000005596bd0 code [0x0000000005596d20, 0x0000000005596e30]
Event: 6959.875 Thread 0x0000000019a51800 36580       1       com.android.ide.common.workers.WorkerExecutorFacade$Configuration::getJvmArgs (5 bytes)
Event: 6959.875 Thread 0x0000000019a51800 nmethod 36580 0x0000000008d06b10 code [0x0000000008d06c60, 0x0000000008d06d70]
Event: 6959.876 Thread 0x0000000017c4c000 nmethod 36581 0x00000000074c4f50 code [0x00000000074c5100, 0x00000000074c5e48]
Event: 6959.905 Thread 0x0000000019a42000 36585       4       org.gradle.api.internal.artifacts.transform.DefaultTransformerInvocationFactory$1::invoke (62 bytes)
Event: 6959.945 Thread 0x0000000019a51800 36583       1       com.android.build.gradle.internal.tasks.Workers$ActionParameters::getDelegateParameters (5 bytes)
Event: 6959.945 Thread 0x0000000019a51800 nmethod 36583 0x0000000005dec6d0 code [0x0000000005dec820, 0x0000000005dec930]
Event: 6959.954 Thread 0x0000000019a42000 nmethod 36585 0x0000000008425cd0 code [0x0000000008425ea0, 0x0000000008426678]
Event: 6959.954 Thread 0x0000000017c4c000 36586       4       org.gradle.internal.fingerprint.impl.DefaultCurrentFileCollectionFingerprint::from (60 bytes)
Event: 6959.960 Thread 0x0000000017c4c000 nmethod 36586 0x000000000391ed10 code [0x000000000391eec0, 0x000000000391f2f8]

GC Heap History (10 events):
Event: 6902.461 GC heap before
{Heap before GC invocations=58 (full 5):
 PSYoungGen      total 428032K, used 407218K [0x00000000d5580000, 0x00000000f4f00000, 0x0000000100000000)
  eden space 371200K, 100% used [0x00000000d5580000,0x00000000ec000000,0x00000000ec000000)
  from space 56832K, 63% used [0x00000000f1780000,0x00000000f3aacb40,0x00000000f4f00000)
  to   space 73216K, 0% used [0x00000000ec000000,0x00000000ec000000,0x00000000f0780000)
 ParOldGen       total 320512K, used 241115K [0x0000000080000000, 0x0000000093900000, 0x00000000d5580000)
  object space 320512K, 75% used [0x0000000080000000,0x000000008eb76e28,0x0000000093900000)
 Metaspace       used 124631K, capacity 134720K, committed 135000K, reserved 1167360K
  class space    used 15928K, capacity 17671K, committed 17792K, reserved 1048576K
Event: 6902.528 GC heap after
Heap after GC invocations=58 (full 5):
 PSYoungGen      total 408576K, used 49971K [0x00000000d5580000, 0x00000000f4380000, 0x0000000100000000)
  eden space 358400K, 0% used [0x00000000d5580000,0x00000000d5580000,0x00000000eb380000)
  from space 50176K, 99% used [0x00000000ec000000,0x00000000ef0cccf8,0x00000000ef100000)
  to   space 73728K, 0% used [0x00000000efb80000,0x00000000efb80000,0x00000000f4380000)
 ParOldGen       total 320512K, used 241351K [0x0000000080000000, 0x0000000093900000, 0x00000000d5580000)
  object space 320512K, 75% used [0x0000000080000000,0x000000008ebb1e38,0x0000000093900000)
 Metaspace       used 124631K, capacity 134720K, committed 135000K, reserved 1167360K
  class space    used 15928K, capacity 17671K, committed 17792K, reserved 1048576K
}
Event: 6903.738 GC heap before
{Heap before GC invocations=59 (full 5):
 PSYoungGen      total 408576K, used 408371K [0x00000000d5580000, 0x00000000f4380000, 0x0000000100000000)
  eden space 358400K, 100% used [0x00000000d5580000,0x00000000eb380000,0x00000000eb380000)
  from space 50176K, 99% used [0x00000000ec000000,0x00000000ef0cccf8,0x00000000ef100000)
  to   space 73728K, 0% used [0x00000000efb80000,0x00000000efb80000,0x00000000f4380000)
 ParOldGen       total 320512K, used 241351K [0x0000000080000000, 0x0000000093900000, 0x00000000d5580000)
  object space 320512K, 75% used [0x0000000080000000,0x000000008ebb1e38,0x0000000093900000)
 Metaspace       used 124650K, capacity 134720K, committed 135000K, reserved 1167360K
  class space    used 15930K, capacity 17671K, committed 17792K, reserved 1048576K
Event: 6903.786 GC heap after
Heap after GC invocations=59 (full 5):
 PSYoungGen      total 430080K, used 54210K [0x00000000d5580000, 0x00000000f6600000, 0x0000000100000000)
  eden space 356352K, 0% used [0x00000000d5580000,0x00000000d5580000,0x00000000eb180000)
  from space 73728K, 73% used [0x00000000efb80000,0x00000000f30709a8,0x00000000f4380000)
  to   space 75776K, 0% used [0x00000000eb180000,0x00000000eb180000,0x00000000efb80000)
 ParOldGen       total 320512K, used 241919K [0x0000000080000000, 0x0000000093900000, 0x00000000d5580000)
  object space 320512K, 75% used [0x0000000080000000,0x000000008ec3fec8,0x0000000093900000)
 Metaspace       used 124650K, capacity 134720K, committed 135000K, reserved 1167360K
  class space    used 15930K, capacity 17671K, committed 17792K, reserved 1048576K
}
Event: 6904.385 GC heap before
{Heap before GC invocations=60 (full 5):
 PSYoungGen      total 430080K, used 410562K [0x00000000d5580000, 0x00000000f6600000, 0x0000000100000000)
  eden space 356352K, 100% used [0x00000000d5580000,0x00000000eb180000,0x00000000eb180000)
  from space 73728K, 73% used [0x00000000efb80000,0x00000000f30709a8,0x00000000f4380000)
  to   space 75776K, 0% used [0x00000000eb180000,0x00000000eb180000,0x00000000efb80000)
 ParOldGen       total 320512K, used 241919K [0x0000000080000000, 0x0000000093900000, 0x00000000d5580000)
  object space 320512K, 75% used [0x0000000080000000,0x000000008ec3fec8,0x0000000093900000)
 Metaspace       used 124663K, capacity 134752K, committed 135000K, reserved 1167360K
  class space    used 15931K, capacity 17703K, committed 17792K, reserved 1048576K
Event: 6904.514 GC heap after
Heap after GC invocations=60 (full 5):
 PSYoungGen      total 432128K, used 42374K [0x00000000d5580000, 0x00000000f7680000, 0x0000000100000000)
  eden space 356352K, 0% used [0x00000000d5580000,0x00000000d5580000,0x00000000eb180000)
  from space 75776K, 55% used [0x00000000eb180000,0x00000000edae1960,0x00000000efb80000)
  to   space 72192K, 0% used [0x00000000f3000000,0x00000000f3000000,0x00000000f7680000)
 ParOldGen       total 320512K, used 242199K [0x0000000080000000, 0x0000000093900000, 0x00000000d5580000)
  object space 320512K, 75% used [0x0000000080000000,0x000000008ec85ef8,0x0000000093900000)
 Metaspace       used 124663K, capacity 134752K, committed 135000K, reserved 1167360K
  class space    used 15931K, capacity 17703K, committed 17792K, reserved 1048576K
}
Event: 6905.034 GC heap before
{Heap before GC invocations=61 (full 5):
 PSYoungGen      total 432128K, used 398726K [0x00000000d5580000, 0x00000000f7680000, 0x0000000100000000)
  eden space 356352K, 100% used [0x00000000d5580000,0x00000000eb180000,0x00000000eb180000)
  from space 75776K, 55% used [0x00000000eb180000,0x00000000edae1960,0x00000000efb80000)
  to   space 72192K, 0% used [0x00000000f3000000,0x00000000f3000000,0x00000000f7680000)
 ParOldGen       total 320512K, used 242199K [0x0000000080000000, 0x0000000093900000, 0x00000000d5580000)
  object space 320512K, 75% used [0x0000000080000000,0x000000008ec85ef8,0x0000000093900000)
 Metaspace       used 124667K, capacity 134752K, committed 135000K, reserved 1167360K
  class space    used 15931K, capacity 17703K, committed 17792K, reserved 1048576K
Event: 6905.217 GC heap after
Heap after GC invocations=61 (full 5):
 PSYoungGen      total 484352K, used 15476K [0x00000000d5580000, 0x00000000f8180000, 0x0000000100000000)
  eden space 412160K, 0% used [0x00000000d5580000,0x00000000d5580000,0x00000000ee800000)
  from space 72192K, 21% used [0x00000000f3000000,0x00000000f3f1d020,0x00000000f7680000)
  to   space 73728K, 0% used [0x00000000ee800000,0x00000000ee800000,0x00000000f3000000)
 ParOldGen       total 320512K, used 263139K [0x0000000080000000, 0x0000000093900000, 0x00000000d5580000)
  object space 320512K, 82% used [0x0000000080000000,0x00000000900f8d50,0x0000000093900000)
 Metaspace       used 124667K, capacity 134752K, committed 135000K, reserved 1167360K
  class space    used 15931K, capacity 17703K, committed 17792K, reserved 1048576K
}
Event: 6939.611 GC heap before
{Heap before GC invocations=62 (full 5):
 PSYoungGen      total 484352K, used 427636K [0x00000000d5580000, 0x00000000f8180000, 0x0000000100000000)
  eden space 412160K, 100% used [0x00000000d5580000,0x00000000ee800000,0x00000000ee800000)
  from space 72192K, 21% used [0x00000000f3000000,0x00000000f3f1d020,0x00000000f7680000)
  to   space 73728K, 0% used [0x00000000ee800000,0x00000000ee800000,0x00000000f3000000)
 ParOldGen       total 320512K, used 263139K [0x0000000080000000, 0x0000000093900000, 0x00000000d5580000)
  object space 320512K, 82% used [0x0000000080000000,0x00000000900f8d50,0x0000000093900000)
 Metaspace       used 124760K, capacity 134888K, committed 135000K, reserved 1167360K
  class space    used 15936K, capacity 17713K, committed 17792K, reserved 1048576K
Event: 6939.647 GC heap after
Heap after GC invocations=62 (full 5):
 PSYoungGen      total 485888K, used 12125K [0x00000000d5580000, 0x00000000fbe00000, 0x0000000100000000)
  eden space 412160K, 0% used [0x00000000d5580000,0x00000000d5580000,0x00000000ee800000)
  from space 73728K, 16% used [0x00000000ee800000,0x00000000ef3d7518,0x00000000f3000000)
  to   space 75264K, 0% used [0x00000000f7480000,0x00000000f7480000,0x00000000fbe00000)
 ParOldGen       total 320512K, used 263603K [0x0000000080000000, 0x0000000093900000, 0x00000000d5580000)
  object space 320512K, 82% used [0x0000000080000000,0x000000009016cf90,0x0000000093900000)
 Metaspace       used 124760K, capacity 134888K, committed 135000K, reserved 1167360K
  class space    used 15936K, capacity 17713K, committed 17792K, reserved 1048576K
}

Deoptimization events (10 events):
Event: 6909.795 Thread 0x0000000035337000 Uncommon trap: reason=unstable_if action=reinterpret pc=0x00000000033942ec method=java.lang.ref.SoftReference.get()Ljava/lang/Object; @ 6
Event: 6909.811 Thread 0x0000000035337000 Uncommon trap: reason=class_check action=maybe_recompile pc=0x000000000778bb54 method=org.gradle.internal.serialize.ExceptionReplacingObjectOutputStream.doReplaceObject(Ljava/lang/Object;)Ljava/lang/Object; @ 12
Event: 6909.841 Thread 0x0000000035337000 Uncommon trap: reason=unstable_if action=reinterpret pc=0x00000000083d8704 method=java.io.ObjectOutputStream$BlockDataOutputStream.writeInt(I)V @ 9
Event: 6909.841 Thread 0x0000000035337000 Uncommon trap: reason=unstable_if action=reinterpret pc=0x0000000002e21658 method=java.io.ObjectOutputStream$BlockDataOutputStream.writeInt(I)V @ 9
Event: 6909.842 Thread 0x0000000035337000 Uncommon trap: reason=unstable_if action=reinterpret pc=0x000000000778b24c method=java.io.ObjectOutputStream$BlockDataOutputStream.writeInt(I)V @ 9
Event: 6909.848 Thread 0x0000000035337000 Uncommon trap: reason=unstable_if action=reinterpret pc=0x000000000568a924 method=java.io.ObjectOutputStream$BlockDataOutputStream.writeInt(I)V @ 9
Event: 6909.861 Thread 0x0000000035337000 Uncommon trap: reason=unstable_if action=reinterpret pc=0x000000000397dc90 method=java.io.ObjectOutputStream$BlockDataOutputStream.writeByte(I)V @ 7
Event: 6909.970 Thread 0x0000000035336800 Uncommon trap: reason=null_check action=make_not_entrant pc=0x00000000078c1a34 method=org.slf4j.helpers.MessageFormatter.getThrowableCandidate([Ljava/lang/Object;)Ljava/lang/Throwable; @ 19
Event: 6909.970 Thread 0x0000000035336800 Uncommon trap: reason=unstable_if action=reinterpret pc=0x0000000004d92fc8 method=org.slf4j.helpers.MessageFormatter.deeplyAppendParameter(Ljava/lang/StringBuilder;Ljava/lang/Object;Ljava/util/Map;)V @ 1
Event: 6938.057 Thread 0x0000000035337000 Uncommon trap: reason=unstable_if action=reinterpret pc=0x000000000761327c method=java.lang.ref.SoftReference.get()Ljava/lang/Object; @ 6

Classes redefined (0 events):
No events

Internal exceptions (10 events):
Event: 6909.339 Thread 0x0000000035337000 Implicit null exception at 0x0000000004e99e54 to 0x0000000004e9a829
Event: 6909.795 Thread 0x0000000035337000 Implicit null exception at 0x000000000337ce9d to 0x000000000337d215
Event: 6909.795 Thread 0x0000000035337000 Implicit null exception at 0x00000000033941d1 to 0x00000000033942d1
Event: 6909.970 Thread 0x0000000035336800 Implicit null exception at 0x00000000078befab to 0x00000000078c1a15
Event: 6909.970 Thread 0x0000000035336800 Implicit null exception at 0x0000000004d92b19 to 0x0000000004d92fad
Event: 6938.031 Thread 0x0000000035337000 Exception <a 'sun/nio/fs/WindowsException'> (0x00000000eb6e6c80) thrown at [C:\src\AOSP-openjdk-git\hotspot\src\share\vm\prims\jni.cpp, line 710]
Event: 6938.056 Thread 0x0000000035337000 Exception <a 'sun/nio/fs/WindowsException'> (0x00000000ebb26048) thrown at [C:\src\AOSP-openjdk-git\hotspot\src\share\vm\prims\jni.cpp, line 710]
Event: 6938.057 Thread 0x0000000035337000 Implicit null exception at 0x00000000076129b0 to 0x0000000007613269
Event: 6960.011 Thread 0x00000000244ce000 Exception <a 'sun/nio/fs/WindowsException'> (0x00000000e19eaa20) thrown at [C:\src\AOSP-openjdk-git\hotspot\src\share\vm\prims\jni.cpp, line 710]
Event: 6960.011 Thread 0x00000000244ce000 Exception <a 'sun/nio/fs/WindowsException'> (0x00000000e19eb720) thrown at [C:\src\AOSP-openjdk-git\hotspot\src\share\vm\prims\jni.cpp, line 710]

Events (10 events):
Event: 6959.944 Executing VM operation: RevokeBias done
Event: 6959.947 Thread 0x0000000019a51800 flushing nmethod 0x0000000006314ad0
Event: 6959.948 Thread 0x0000000019a51800 flushing nmethod 0x00000000063fde90
Event: 6959.948 Thread 0x0000000019a51800 flushing nmethod 0x0000000006409210
Event: 6959.956 Thread 0x0000000019a42000 flushing nmethod 0x0000000006915f10
Event: 6959.962 Thread 0x0000000017c4c000 flushing nmethod 0x0000000006db8b50
Event: 6959.962 Thread 0x0000000017c4c000 flushing nmethod 0x0000000006dc2f50
Event: 6959.962 Thread 0x0000000017c4c000 flushing nmethod 0x000000000701c550
Event: 6959.964 Thread 0x0000000017c4c000 flushing nmethod 0x000000000739fa10
Event: 6959.964 Thread 0x0000000017c4c000 flushing nmethod 0x00000000073a2bd0


Dynamic libraries:
0x00007ff7cd4b0000 - 0x00007ff7cd4e1000 	C:\Program Files\Android\Android Studio\jre\bin\java.exe
0x00007ff874b50000 - 0x00007ff874d44000 	C:\WINDOWS\SYSTEM32\ntdll.dll
0x00007ff874750000 - 0x00007ff87480d000 	C:\WINDOWS\System32\KERNEL32.DLL
0x00007ff8723a0000 - 0x00007ff872667000 	C:\WINDOWS\System32\KERNELBASE.dll
0x00007ff874990000 - 0x00007ff874a3a000 	C:\WINDOWS\System32\ADVAPI32.dll
0x00007ff874490000 - 0x00007ff87452e000 	C:\WINDOWS\System32\msvcrt.dll
0x00007ff873500000 - 0x00007ff87359b000 	C:\WINDOWS\System32\sechost.dll
0x00007ff8735c0000 - 0x00007ff8736e3000 	C:\WINDOWS\System32\RPCRT4.dll
0x00007ff874530000 - 0x00007ff8746d0000 	C:\WINDOWS\System32\USER32.dll
0x00007ff872950000 - 0x00007ff872972000 	C:\WINDOWS\System32\win32u.dll
0x00007ff873060000 - 0x00007ff87308a000 	C:\WINDOWS\System32\GDI32.dll
0x00007ff872840000 - 0x00007ff87294a000 	C:\WINDOWS\System32\gdi32full.dll
0x00007ff872740000 - 0x00007ff8727dd000 	C:\WINDOWS\System32\msvcp_win.dll
0x00007ff8722a0000 - 0x00007ff8723a0000 	C:\WINDOWS\System32\ucrtbase.dll
0x00007ff8583c0000 - 0x00007ff85865a000 	C:\WINDOWS\WinSxS\amd64_microsoft.windows.common-controls_6595b64144ccf1df_6.0.19041.1_none_b555e41d4684ddec\COMCTL32.dll
0x00007ff872bc0000 - 0x00007ff872bf0000 	C:\WINDOWS\System32\IMM32.DLL
0x0000000051ba0000 - 0x0000000051c72000 	C:\Program Files\Android\Android Studio\jre\jre\bin\msvcr100.dll
0x0000000051e40000 - 0x000000005268b000 	C:\Program Files\Android\Android Studio\jre\jre\bin\server\jvm.dll
0x00007ff873ce0000 - 0x00007ff873ce8000 	C:\WINDOWS\System32\PSAPI.DLL
0x00007ff86d670000 - 0x00007ff86d679000 	C:\WINDOWS\SYSTEM32\WSOCK32.dll
0x00007ff8547d0000 - 0x00007ff8547f7000 	C:\WINDOWS\SYSTEM32\WINMM.dll
0x00007ff867ef0000 - 0x00007ff867efa000 	C:\WINDOWS\SYSTEM32\VERSION.dll
0x00007ff873af0000 - 0x00007ff873b5b000 	C:\WINDOWS\System32\WS2_32.dll
0x00007ff8593d0000 - 0x00007ff8593df000 	C:\Program Files\Android\Android Studio\jre\jre\bin\verify.dll
0x00007ff840740000 - 0x00007ff840769000 	C:\Program Files\Android\Android Studio\jre\jre\bin\java.dll
0x00007ff83fb70000 - 0x00007ff83fb86000 	C:\Program Files\Android\Android Studio\jre\jre\bin\zip.dll
0x00007ff873cf0000 - 0x00007ff874424000 	C:\WINDOWS\System32\SHELL32.dll
0x00007ff870410000 - 0x00007ff870b9e000 	C:\WINDOWS\SYSTEM32\windows.storage.dll
0x00007ff8730f0000 - 0x00007ff873443000 	C:\WINDOWS\System32\combase.dll
0x00007ff871cb0000 - 0x00007ff871cdb000 	C:\WINDOWS\SYSTEM32\Wldp.dll
0x00007ff8736f0000 - 0x00007ff87379e000 	C:\WINDOWS\System32\SHCORE.dll
0x00007ff873090000 - 0x00007ff8730e5000 	C:\WINDOWS\System32\shlwapi.dll
0x00007ff8721e0000 - 0x00007ff8721ff000 	C:\WINDOWS\SYSTEM32\profapi.dll
0x00007ff83f900000 - 0x00007ff83f91a000 	C:\Program Files\Android\Android Studio\jre\jre\bin\net.dll
0x00007ff8719d0000 - 0x00007ff871a3a000 	C:\WINDOWS\system32\mswsock.dll
0x00007ff83ec80000 - 0x00007ff83ec93000 	C:\Program Files\Android\Android Studio\jre\jre\bin\nio.dll
0x00007ff86cf90000 - 0x00007ff86cfb7000 	C:\Users\carlo\.gradle\native\f6784746aeab05261644944871eae4fe03e0ef1612fff0a4a95f87b438bc6780\windows-amd64\native-platform.dll
0x00007ff857cf0000 - 0x00007ff857cfd000 	C:\Program Files\Android\Android Studio\jre\jre\bin\management.dll
0x00007ff871ba0000 - 0x00007ff871bb8000 	C:\WINDOWS\SYSTEM32\CRYPTSP.dll
0x00007ff871360000 - 0x00007ff871394000 	C:\WINDOWS\system32\rsaenh.dll
0x00007ff872980000 - 0x00007ff8729a7000 	C:\WINDOWS\System32\bcrypt.dll
0x00007ff872160000 - 0x00007ff87218e000 	C:\WINDOWS\SYSTEM32\USERENV.dll
0x00007ff872670000 - 0x00007ff8726ef000 	C:\WINDOWS\System32\bcryptprimitives.dll
0x00007ff871bc0000 - 0x00007ff871bcc000 	C:\WINDOWS\SYSTEM32\CRYPTBASE.dll
0x00007ff8716c0000 - 0x00007ff8716fb000 	C:\WINDOWS\SYSTEM32\IPHLPAPI.DLL
0x00007ff873ae0000 - 0x00007ff873ae9000 	C:\WINDOWS\System32\NSI.dll
0x00007ff861190000 - 0x00007ff8611a7000 	C:\WINDOWS\SYSTEM32\dhcpcsvc6.DLL
0x00007ff861260000 - 0x00007ff86127d000 	C:\WINDOWS\SYSTEM32\dhcpcsvc.DLL
0x00007ff871750000 - 0x00007ff87181a000 	C:\WINDOWS\SYSTEM32\DNSAPI.dll
0x00007ff8681d0000 - 0x00007ff8681db000 	C:\WINDOWS\SYSTEM32\WINNSI.DLL
0x00007ff831480000 - 0x00007ff8314a4000 	C:\Program Files\Android\Android Studio\jre\jre\bin\sunec.dll
0x0000000054260000 - 0x0000000054295000 	C:\Program Files\Bonjour\mdnsNSP.dll
0x00007ff85ff50000 - 0x00007ff85ff5a000 	C:\Windows\System32\rasadhlp.dll
0x00007ff85ff60000 - 0x00007ff85ffdf000 	C:\WINDOWS\System32\fwpuclnt.dll
0x00007ff86a640000 - 0x00007ff86a64b000 	C:\Program Files\Android\Android Studio\jre\jre\bin\sunmscapi.dll
0x00007ff8729b0000 - 0x00007ff872b0d000 	C:\WINDOWS\System32\CRYPT32.dll

VM Arguments:
jvm_args: -Xmx2048m -Dfile.encoding=UTF-8 -Duser.country=ES -Duser.language=es -Duser.variant 
java_command: org.gradle.launcher.daemon.bootstrap.GradleDaemon 6.5
java_class_path (initial): C:\Users\carlo\.gradle\wrapper\dists\gradle-6.5-bin\6nifqtx7604sqp1q6g8wikw7p\gradle-6.5\lib\gradle-launcher-6.5.jar
Launcher Type: SUN_STANDARD

Environment Variables:
PATH=C:\Program Files (x86)\Common Files\Oracle\Java\javapath;C:\WINDOWS\system32;C:\WINDOWS;C:\WINDOWS\System32\Wbem;C:\WINDOWS\System32\WindowsPowerShell\v1.0\;C:\WINDOWS\System32\OpenSSH\;C:\Program Files\Microsoft SQL Server\Client SDK\ODBC\130\Tools\Binn\;C:\Program Files (x86)\Microsoft SQL Server\150\DTS\Binn\;C:\Program Files (x86)\Windows Kits\10\Windows Performance Toolkit\;C:\Program Files\Microsoft SQL Server\Client SDK\ODBC\170\Tools\Binn\;C:\Program Files (x86)\Microsoft SQL Server\150\Tools\Binn\;C:\Program Files\Microsoft SQL Server\150\Tools\Binn\;C:\Program Files\Microsoft SQL Server\150\DTS\Binn\;C:\Program Files\Git\cmd;C:\Program Files\dotnet\;C:\Program Files\Microsoft SQL Server\130\Tools\Binn\;C:\Program Files (x86)\dotnet\;C:\Users\carlo\AppData\Local\Programs\Python\Python38-32\Scripts\;C:\Users\carlo\AppData\Local\Programs\Python\Python38-32\;C:\Users\carlo\AppData\Local\Microsoft\WindowsApps;C:\Users\carlo\AppData\Roaming\Dashlane\6.2007.0.32704\bin\Firefox_Extension\{442718d9-475e-452a-b3e1-fb1ee16b8e9f}\components;C:\Users\carlo\AppData\Roaming\Dashlane\6.2007.0.32704\ucrt;C:\Users\carlo\AppData\Roaming\Dashlane\6.2007.0.32704\bin\Qt;C:\Users\carlo\AppData\Roaming\Dashlane\6.2007.0.32704\bin\Ssl;C:\Users\carlo\AppData\Local\Programs\Microsoft VS Code\bin;C:\sqlite3\sqlite-tools-win32-x86-3330000;
USERNAME=Carlos Ivan Almeida
OS=Windows_NT
PROCESSOR_IDENTIFIER=Intel64 Family 6 Model 142 Stepping 10, GenuineIntel



---------------  S Y S T E M  ---------------

OS: Windows 10.0 , 64 bit Build 19041 (10.0.19041.292)

CPU:total 8 (initial active 8) (4 cores per cpu, 2 threads per core) family 6 model 142 stepping 10, cmov, cx8, fxsr, mmx, sse, sse2, sse3, ssse3, sse4.1, sse4.2, popcnt, avx, avx2, aes, clmul, erms, 3dnowpref, lzcnt, ht, tsc, tscinvbit, bmi1, bmi2, adx

Memory: 4k page, physical 8283900k(522208k free), swap 12189436k(41540k free)

vm_info: OpenJDK 64-Bit Server VM (25.242-b01) for windows-amd64 JRE (1.8.0_242-release-1644-b01), built by "builder" with MS VC++ 10.0 (VS2010)

time: Fri Feb 05 08:56:06 2021
timezone: Hora est. Pacífico, Sudamérica
elapsed time: 6960 seconds (0d 1h 56m 0s)

